<?xml version="1.0" encoding="UTF-8"?>
<!-- Generated by org.testng.reporters.JUnitReportReporter -->
<testsuite hostname="mbp1701.local" name="ebay.qa.scenarios.TestEbayApplication" tests="2" failures="0" timestamp="18 Aug 2019 21:04:42 GMT" time="21.259" errors="0">
  <testcase name="verifySearch" time="6.284" classname="ebay.qa.scenarios.TestEbayApplication"/>
  <testcase name="verifySortingOfProduct" time="14.975" classname="ebay.qa.scenarios.TestEbayApplication"/>
</testsuite> <!-- ebay.qa.scenarios.TestEbayApplication -->
